[
    {
        "type": "LoadedResource",
        "verbosity": "INFO",
        "for": "body.tex",
        "from": "body.tex"
    },
    {
        "type": "LoadedResource",
        "verbosity": "INFO",
        "for": "body-end.tex",
        "from": "body-end.tex"
    },
    {
        "type": "LoadedResource",
        "verbosity": "INFO",
        "for": "header.tex",
        "from": "header.tex"
    },
    {
        "type": "RunningFilter",
        "verbosity": "INFO",
        "path": "citeproc"
    },
    {
        "type": "LoadedResource",
        "verbosity": "INFO",
        "for": "bibtex.bib",
        "from": "bibtex.bib"
    },
    {
        "type": "FilterCompleted",
        "verbosity": "INFO",
        "path": "citeproc",
        "milliseconds": "17"
    },
    {
        "type": "RunningFilter",
        "verbosity": "INFO",
        "path": "pandoc-crossref"
    },
    {
        "type": "FilterCompleted",
        "verbosity": "INFO",
        "path": "pandoc-crossref",
        "milliseconds": "2"
    },
    {
        "type": "BlockNotRendered",
        "verbosity": "INFO",
        "contents": {
            "c": [
                "openxml",
                "<w:tcPr><w:vAlign w:val=\"center\"/></w:tcPr>"
            ],
            "t": "RawBlock"
        }
    }
]