[
    {
        "type": "LoadedResource",
        "verbosity": "INFO",
        "for": "templates/eisvogel.latex",
        "from": "templates/eisvogel.latex"
    },
    {
        "type": "LoadedResource",
        "verbosity": "INFO",
        "for": "includes/body.tex",
        "from": "includes/body.tex"
    },
    {
        "type": "LoadedResource",
        "verbosity": "INFO",
        "for": "includes/body-end.tex",
        "from": "includes/body-end.tex"
    },
    {
        "type": "LoadedResource",
        "verbosity": "INFO",
        "for": "includes/header.tex",
        "from": "includes/header.tex"
    },
    {
        "type": "LoadedResource",
        "verbosity": "INFO",
        "for": "biblio.bib",
        "from": "biblio.bib"
    },
    {
        "type": "LoadedResource",
        "verbosity": "INFO",
        "for": "media/logo_cc-by-sa.png",
        "from": "media/logo_cc-by-sa.png"
    },
    {
        "type": "LoadedResource",
        "verbosity": "INFO",
        "for": "logo_cc-by-sa.png",
        "from": "media/logo_cc-by-sa.png"
    },
    {
        "type": "LoadedResource",
        "verbosity": "INFO",
        "for": "media/media/logo_cc-by-sa.png",
        "from": "media/media/logo_cc-by-sa.png"
    }
]